<?xml version="1.0" encoding="UTF-8"?>
<!-- Generated by org.testng.reporters.JUnitReportReporter -->
<testsuite hostname="innoppl-PC" name="udemy.DataDriverParameterization" tests="6" failures="0" timestamp="2 Jan 2019 12:10:33 GMT" time="8.762" errors="1">
  <testcase name="confirmationMessage" time="0.002" classname="udemy.DataDriverParameterization"/>
  <testcase name="loginPage" time="0.011" classname="udemy.DataDriverParameterization"/>
  <testcase name="comLogin" time="8.745" classname="udemy.DataDriverParameterization"/>
  <testcase name="createAccountPage" time="0.002" classname="udemy.DataDriverParameterization"/>
  <testcase name="forgotPassword" time="0.002" classname="udemy.DataDriverParameterization"/>
  <testcase name="fetchURL" time="0.000" classname="udemy.DataDriverParameterization">
    <error type="org.testng.TestNGException" message="
Parameter &#039;URL&#039; is required by @Test on method fetchURL but has not been marked @Optional or defined
in C:\Users\innoppl\AppData\Local\Temp\testng-eclipse--1505795271\testng-customsuite.xml">
      <![CDATA[org.testng.TestNGException: 
Parameter 'URL' is required by @Test on method fetchURL but has not been marked @Optional or defined
in C:\Users\innoppl\AppData\Local\Temp\testng-eclipse--1505795271\testng-customsuite.xml
	at org.testng.internal.Parameters.createParameters(Parameters.java:148)
	at org.testng.internal.Parameters.createParameters(Parameters.java:361)
	at org.testng.internal.Parameters.handleParameters(Parameters.java:451)
	at org.testng.internal.Invoker.handleParameters(Invoker.java:1269)
	at org.testng.internal.Invoker.createParameters(Invoker.java:985)
	at org.testng.internal.Invoker.invokeTestMethods(Invoker.java:1075)
	at org.testng.internal.TestMethodWorker.invokeTestMethods(TestMethodWorker.java:124)
	at org.testng.internal.TestMethodWorker.run(TestMethodWorker.java:108)
	at org.testng.TestRunner.privateRun(TestRunner.java:773)
	at org.testng.TestRunner.run(TestRunner.java:623)
	at org.testng.SuiteRunner.runTest(SuiteRunner.java:359)
	at org.testng.SuiteRunner.runSequentially(SuiteRunner.java:354)
	at org.testng.SuiteRunner.privateRun(SuiteRunner.java:312)
	at org.testng.SuiteRunner.run(SuiteRunner.java:261)
	at org.testng.SuiteRunnerWorker.runSuite(SuiteRunnerWorker.java:52)
	at org.testng.SuiteRunnerWorker.run(SuiteRunnerWorker.java:86)
	at org.testng.TestNG.runSuitesSequentially(TestNG.java:1185)
	at org.testng.TestNG.runSuitesLocally(TestNG.java:1110)
	at org.testng.TestNG.run(TestNG.java:1018)
	at org.testng.remote.RemoteTestNG.run(RemoteTestNG.java:112)
	at org.testng.remote.RemoteTestNG.initAndRun(RemoteTestNG.java:205)
	at org.testng.remote.RemoteTestNG.main(RemoteTestNG.java:176)
]]>
    </error>
  </testcase> <!-- fetchURL -->
</testsuite> <!-- udemy.DataDriverParameterization -->
